{"/home/gabriel/projects/boilerplates/fastify/zod+biome+vitest/src/app.ts": {"path":"/home/gabriel/projects/boilerplates/fastify/zod+biome+vitest/src/app.ts","statementMap":{"0":{"start":{"line":14,"column":7},"end":{"line":21,"column":null}},"1":{"start":{"line":24,"column":1},"end":{"line":24,"column":null}},"2":{"start":{"line":25,"column":1},"end":{"line":25,"column":null}},"3":{"start":{"line":28,"column":1},"end":{"line":28,"column":null}},"4":{"start":{"line":29,"column":1},"end":{"line":32,"column":null}},"5":{"start":{"line":35,"column":1},"end":{"line":35,"column":null}},"6":{"start":{"line":38,"column":1},"end":{"line":38,"column":null}},"7":{"start":{"line":41,"column":1},"end":{"line":41,"column":null}},"8":{"start":{"line":43,"column":1},"end":{"line":43,"column":null}}},"fnMap":{"0":{"name":"buildApp","decl":{"start":{"line":13,"column":16},"end":{"line":13,"column":25}},"loc":{"start":{"line":13,"column":79},"end":{"line":44,"column":null}},"line":13}},"branchMap":{"0":{"loc":{"start":{"line":13,"column":25},"end":{"line":13,"column":79}},"type":"default-arg","locations":[{"start":{"line":13,"column":53},"end":{"line":13,"column":79}}],"line":13},"1":{"loc":{"start":{"line":17,"column":10},"end":{"line":17,"column":null}},"type":"cond-expr","locations":[{"start":{"line":17,"column":35},"end":{"line":17,"column":45}},{"start":{"line":17,"column":45},"end":{"line":17,"column":null}}],"line":17},"2":{"loc":{"start":{"line":18,"column":14},"end":{"line":18,"column":null}},"type":"cond-expr","locations":[{"start":{"line":18,"column":39},"end":{"line":18,"column":67}},{"start":{"line":18,"column":67},"end":{"line":18,"column":null}}],"line":18}},"s":{"0":1,"1":1,"2":1,"3":1,"4":1,"5":1,"6":1,"7":1,"8":1},"f":{"0":1},"b":{"0":[1],"1":[0,1],"2":[0,1]},"meta":{"lastBranch":3,"lastFunction":1,"lastStatement":9,"seen":{"f:13:16:13:25":0,"b:13:53:13:79":0,"s:14:7:21:Infinity":0,"b:17:35:17:45:17:45:17:Infinity":1,"b:18:39:18:67:18:67:18:Infinity":2,"s:24:1:24:Infinity":1,"s:25:1:25:Infinity":2,"s:28:1:28:Infinity":3,"s:29:1:32:Infinity":4,"s:35:1:35:Infinity":5,"s:38:1:38:Infinity":6,"s:41:1:41:Infinity":7,"s:43:1:43:Infinity":8}}}
,"/home/gabriel/projects/boilerplates/fastify/zod+biome+vitest/src/configs/env.ts": {"path":"/home/gabriel/projects/boilerplates/fastify/zod+biome+vitest/src/configs/env.ts","statementMap":{"0":{"start":{"line":4,"column":18},"end":{"line":8,"column":null}},"1":{"start":{"line":12,"column":0},"end":{"line":17,"column":null}},"2":{"start":{"line":13,"column":1},"end":{"line":13,"column":null}},"3":{"start":{"line":15,"column":1},"end":{"line":15,"column":null}},"4":{"start":{"line":16,"column":1},"end":{"line":16,"column":null}}},"fnMap":{},"branchMap":{},"s":{"0":1,"1":1,"2":1,"3":0,"4":0},"f":{},"b":{},"meta":{"lastBranch":0,"lastFunction":0,"lastStatement":5,"seen":{"s:4:18:8:Infinity":0,"s:12:0:17:Infinity":1,"s:13:1:13:Infinity":2,"s:15:1:15:Infinity":3,"s:16:1:16:Infinity":4}}}
,"/home/gabriel/projects/boilerplates/fastify/zod+biome+vitest/src/modules/hello/hello.routes.ts": {"path":"/home/gabriel/projects/boilerplates/fastify/zod+biome+vitest/src/modules/hello/hello.routes.ts","statementMap":{"0":{"start":{"line":6,"column":47},"end":{"line":22,"column":null}},"1":{"start":{"line":7,"column":1},"end":{"line":21,"column":null}},"2":{"start":{"line":19,"column":3},"end":{"line":19,"column":null}}},"fnMap":{"0":{"name":"(anonymous_0)","decl":{"start":{"line":6,"column":47},"end":{"line":6,"column":54}},"loc":{"start":{"line":6,"column":84},"end":{"line":22,"column":null}},"line":6},"1":{"name":"(anonymous_1)","decl":{"start":{"line":18,"column":2},"end":{"line":18,"column":9}},"loc":{"start":{"line":18,"column":29},"end":{"line":20,"column":null}},"line":18}},"branchMap":{},"s":{"0":1,"1":1,"2":1},"f":{"0":1,"1":1},"b":{},"meta":{"lastBranch":0,"lastFunction":2,"lastStatement":3,"seen":{"s:6:47:22:Infinity":0,"f:6:47:6:54":0,"s:7:1:21:Infinity":1,"f:18:2:18:9":1,"s:19:3:19:Infinity":2}}}
,"/home/gabriel/projects/boilerplates/fastify/zod+biome+vitest/src/modules/hello/hello.schemas.ts": {"path":"/home/gabriel/projects/boilerplates/fastify/zod+biome+vitest/src/modules/hello/hello.schemas.ts","statementMap":{"0":{"start":{"line":3,"column":35},"end":{"line":5,"column":null}}},"fnMap":{},"branchMap":{},"s":{"0":1},"f":{},"b":{},"meta":{"lastBranch":0,"lastFunction":0,"lastStatement":1,"seen":{"s:3:35:5:Infinity":0}}}
,"/home/gabriel/projects/boilerplates/fastify/zod+biome+vitest/src/modules/hello/index.ts": {"path":"/home/gabriel/projects/boilerplates/fastify/zod+biome+vitest/src/modules/hello/index.ts","statementMap":{"0":{"start":{"line":5,"column":13},"end":{"line":7,"column":null}},"1":{"start":{"line":6,"column":1},"end":{"line":6,"column":null}}},"fnMap":{"0":{"name":"(anonymous_0)","decl":{"start":{"line":5,"column":50},"end":{"line":5,"column":57}},"loc":{"start":{"line":5,"column":65},"end":{"line":7,"column":1}},"line":5}},"branchMap":{},"s":{"0":1,"1":1},"f":{"0":1},"b":{},"meta":{"lastBranch":0,"lastFunction":1,"lastStatement":2,"seen":{"s:5:13:7:Infinity":0,"f:5:50:5:57":0,"s:6:1:6:Infinity":1}}}
,"/home/gabriel/projects/boilerplates/fastify/zod+biome+vitest/src/plugins/handlers.ts": {"path":"/home/gabriel/projects/boilerplates/fastify/zod+biome+vitest/src/plugins/handlers.ts","statementMap":{"0":{"start":{"line":6,"column":48},"end":{"line":54,"column":null}},"1":{"start":{"line":7,"column":1},"end":{"line":9,"column":null}},"2":{"start":{"line":8,"column":2},"end":{"line":8,"column":null}},"3":{"start":{"line":11,"column":1},"end":{"line":45,"column":null}},"4":{"start":{"line":12,"column":19},"end":{"line":12,"column":null}},"5":{"start":{"line":13,"column":16},"end":{"line":13,"column":null}},"6":{"start":{"line":16,"column":2},"end":{"line":23,"column":null}},"7":{"start":{"line":17,"column":3},"end":{"line":17,"column":null}},"8":{"start":{"line":18,"column":3},"end":{"line":18,"column":null}},"9":{"start":{"line":19,"column":3},"end":{"line":22,"column":null}},"10":{"start":{"line":19,"column":47},"end":{"line":22,"column":5}},"11":{"start":{"line":25,"column":2},"end":{"line":28,"column":null}},"12":{"start":{"line":26,"column":3},"end":{"line":26,"column":null}},"13":{"start":{"line":27,"column":3},"end":{"line":27,"column":null}},"14":{"start":{"line":30,"column":2},"end":{"line":32,"column":null}},"15":{"start":{"line":31,"column":3},"end":{"line":31,"column":null}},"16":{"start":{"line":34,"column":31},"end":{"line":38,"column":null}},"17":{"start":{"line":40,"column":2},"end":{"line":42,"column":null}},"18":{"start":{"line":41,"column":3},"end":{"line":41,"column":null}},"19":{"start":{"line":44,"column":2},"end":{"line":44,"column":null}},"20":{"start":{"line":47,"column":1},"end":{"line":53,"column":null}},"21":{"start":{"line":48,"column":2},"end":{"line":52,"column":null}},"22":{"start":{"line":56,"column":13},"end":{"line":56,"column":null}}},"fnMap":{"0":{"name":"(anonymous_0)","decl":{"start":{"line":6,"column":48},"end":{"line":6,"column":55}},"loc":{"start":{"line":6,"column":80},"end":{"line":54,"column":null}},"line":6},"1":{"name":"(anonymous_1)","decl":{"start":{"line":7,"column":26},"end":{"line":7,"column":33}},"loc":{"start":{"line":7,"column":45},"end":{"line":9,"column":2}},"line":7},"2":{"name":"(anonymous_2)","decl":{"start":{"line":11,"column":21},"end":{"line":11,"column":22}},"loc":{"start":{"line":11,"column":93},"end":{"line":45,"column":2}},"line":11},"3":{"name":"(anonymous_3)","decl":{"start":{"line":19,"column":35},"end":{"line":19,"column":36}},"loc":{"start":{"line":19,"column":47},"end":{"line":22,"column":5}},"line":19},"4":{"name":"(anonymous_4)","decl":{"start":{"line":47,"column":24},"end":{"line":47,"column":25}},"loc":{"start":{"line":47,"column":44},"end":{"line":53,"column":2}},"line":47}},"branchMap":{"0":{"loc":{"start":{"line":12,"column":19},"end":{"line":12,"column":null}},"type":"binary-expr","locations":[{"start":{"line":12,"column":19},"end":{"line":12,"column":39}},{"start":{"line":12,"column":39},"end":{"line":12,"column":null}}],"line":12},"1":{"loc":{"start":{"line":16,"column":2},"end":{"line":23,"column":null}},"type":"if","locations":[{"start":{"line":16,"column":2},"end":{"line":23,"column":null}},{"start":{},"end":{}}],"line":16},"2":{"loc":{"start":{"line":21,"column":13},"end":{"line":21,"column":null}},"type":"binary-expr","locations":[{"start":{"line":21,"column":13},"end":{"line":21,"column":30}},{"start":{"line":21,"column":30},"end":{"line":21,"column":null}}],"line":21},"3":{"loc":{"start":{"line":25,"column":2},"end":{"line":28,"column":null}},"type":"if","locations":[{"start":{"line":25,"column":2},"end":{"line":28,"column":null}},{"start":{},"end":{}}],"line":25},"4":{"loc":{"start":{"line":30,"column":2},"end":{"line":32,"column":null}},"type":"if","locations":[{"start":{"line":30,"column":2},"end":{"line":32,"column":null}},{"start":{},"end":{}}],"line":30},"5":{"loc":{"start":{"line":40,"column":2},"end":{"line":42,"column":null}},"type":"if","locations":[{"start":{"line":40,"column":2},"end":{"line":42,"column":null}},{"start":{},"end":{}}],"line":40}},"s":{"0":1,"1":1,"2":2,"3":1,"4":0,"5":0,"6":0,"7":0,"8":0,"9":0,"10":0,"11":0,"12":0,"13":0,"14":0,"15":0,"16":0,"17":0,"18":0,"19":0,"20":1,"21":1,"22":1},"f":{"0":1,"1":2,"2":0,"3":0,"4":1},"b":{"0":[0,0],"1":[0,0],"2":[0,0],"3":[0,0],"4":[0,0],"5":[0,0]},"meta":{"lastBranch":6,"lastFunction":5,"lastStatement":23,"seen":{"s:6:48:54:Infinity":0,"f:6:48:6:55":0,"s:7:1:9:Infinity":1,"f:7:26:7:33":1,"s:8:2:8:Infinity":2,"s:11:1:45:Infinity":3,"f:11:21:11:22":2,"s:12:19:12:Infinity":4,"b:12:19:12:39:12:39:12:Infinity":0,"s:13:16:13:Infinity":5,"b:16:2:23:Infinity:undefined:undefined:undefined:undefined":1,"s:16:2:23:Infinity":6,"s:17:3:17:Infinity":7,"s:18:3:18:Infinity":8,"s:19:3:22:Infinity":9,"f:19:35:19:36":3,"s:19:47:22:5":10,"b:21:13:21:30:21:30:21:Infinity":2,"b:25:2:28:Infinity:undefined:undefined:undefined:undefined":3,"s:25:2:28:Infinity":11,"s:26:3:26:Infinity":12,"s:27:3:27:Infinity":13,"b:30:2:32:Infinity:undefined:undefined:undefined:undefined":4,"s:30:2:32:Infinity":14,"s:31:3:31:Infinity":15,"s:34:31:38:Infinity":16,"b:40:2:42:Infinity:undefined:undefined:undefined:undefined":5,"s:40:2:42:Infinity":17,"s:41:3:41:Infinity":18,"s:44:2:44:Infinity":19,"s:47:1:53:Infinity":20,"f:47:24:47:25":4,"s:48:2:52:Infinity":21,"s:56:13:56:Infinity":22}}}
,"/home/gabriel/projects/boilerplates/fastify/zod+biome+vitest/src/plugins/swagger.ts": {"path":"/home/gabriel/projects/boilerplates/fastify/zod+biome+vitest/src/plugins/swagger.ts","statementMap":{"0":{"start":{"line":7,"column":47},"end":{"line":26,"column":null}},"1":{"start":{"line":8,"column":1},"end":{"line":17,"column":null}},"2":{"start":{"line":18,"column":1},"end":{"line":25,"column":null}},"3":{"start":{"line":28,"column":13},"end":{"line":28,"column":null}}},"fnMap":{"0":{"name":"(anonymous_0)","decl":{"start":{"line":7,"column":47},"end":{"line":7,"column":54}},"loc":{"start":{"line":7,"column":62},"end":{"line":26,"column":null}},"line":7}},"branchMap":{},"s":{"0":1,"1":1,"2":1,"3":1},"f":{"0":1},"b":{},"meta":{"lastBranch":0,"lastFunction":1,"lastStatement":4,"seen":{"s:7:47:26:Infinity":0,"f:7:47:7:54":0,"s:8:1:17:Infinity":1,"s:18:1:25:Infinity":2,"s:28:13:28:Infinity":3}}}
,"/home/gabriel/projects/boilerplates/fastify/zod+biome+vitest/src/schemas/erros.schemas.ts": {"path":"/home/gabriel/projects/boilerplates/fastify/zod+biome+vitest/src/schemas/erros.schemas.ts","statementMap":{"0":{"start":{"line":3,"column":30},"end":{"line":6,"column":null}},"1":{"start":{"line":8,"column":31},"end":{"line":13,"column":null}}},"fnMap":{},"branchMap":{},"s":{"0":1,"1":1},"f":{},"b":{},"meta":{"lastBranch":0,"lastFunction":0,"lastStatement":2,"seen":{"s:3:30:6:Infinity":0,"s:8:31:13:Infinity":1}}}
,"/home/gabriel/projects/boilerplates/fastify/zod+biome+vitest/tests/utils/test-setup.ts": {"path":"/home/gabriel/projects/boilerplates/fastify/zod+biome+vitest/tests/utils/test-setup.ts","statementMap":{"0":{"start":{"line":5,"column":7},"end":{"line":5,"column":null}},"1":{"start":{"line":6,"column":1},"end":{"line":6,"column":null}},"2":{"start":{"line":7,"column":1},"end":{"line":7,"column":null}},"3":{"start":{"line":11,"column":1},"end":{"line":11,"column":null}}},"fnMap":{"0":{"name":"createTestApp","decl":{"start":{"line":4,"column":22},"end":{"line":4,"column":38}},"loc":{"start":{"line":4,"column":38},"end":{"line":8,"column":null}},"line":4},"1":{"name":"closeTestApp","decl":{"start":{"line":10,"column":22},"end":{"line":10,"column":35}},"loc":{"start":{"line":10,"column":62},"end":{"line":12,"column":null}},"line":10}},"branchMap":{},"s":{"0":1,"1":1,"2":1,"3":1},"f":{"0":1,"1":1},"b":{},"meta":{"lastBranch":0,"lastFunction":2,"lastStatement":4,"seen":{"f:4:22:4:38":0,"s:5:7:5:Infinity":0,"s:6:1:6:Infinity":1,"s:7:1:7:Infinity":2,"f:10:22:10:35":1,"s:11:1:11:Infinity":3}}}
}
